<?xml version="1.0" encoding="UTF-8" standalone="no"?>
<testsuite errors="0" failures="1" name="io.cucumber.core.plugin.JUnitFormatter" skipped="0" tests="4" time="25.485">
    <testcase classname="US1001 Amazon arama testi" name="TC01 Kullanici Amazonda arama yapabilmeli" time="6.426">
        <system-out><![CDATA[Given Kullanici amazon anasayfaya gider.....................................passed
When Arama cubuguna Nutella yazip aratir....................................passed
Then Arama sonuclarinin Nutella icerdigini test eder........................passed
]]></system-out>
    </testcase>
    <testcase classname="US1002_Amazon Arama Testi" name="TC03 Kullanici amazonda Java aramasi yapar" time="6.318">
        <system-out><![CDATA[Given Kullanici amazon anasayfaya gider.....................................passed
Then Arama kutusuna Java yazip aratir.......................................passed
And Arama sonuclarinin Java icerdigini test eder............................passed
And Sayfayi kapatir.........................................................passed
]]></system-out>
    </testcase>
    <testcase classname="US1005 Parametreli Configuration.properties Kullanimi" name="TC10 kullanici mycoursedemy sayfasina gidebilmeli" time="5.102">
        <failure message="" type="java.lang.AssertionError"><![CDATA[Given Kullanici "myUrl" anasayfaya gider....................................passed
Then url'in "mycoursedemy" icerdigini test eder.............................failed
And Sayfayi kapatir.........................................................skipped

StackTrace:
java.lang.AssertionError
	at org.junit.Assert.fail(Assert.java:87)
	at org.junit.Assert.assertTrue(Assert.java:42)
	at org.junit.Assert.assertTrue(Assert.java:53)
	at stepdefinitions.AmazonStepDefinitions.urlInIcerdiginiTestEder(AmazonStepDefinitions.java:79)
	at âœ½.url'in "mycoursedemy" icerdigini test eder(file:///Users/ahmetbulutluoz/Desktop/com.CucumberFall2022/src/test/resources/features/US1005_ParametreliConfigurationPropertiesKullanimi.feature:15)
]]></failure>
    </testcase>
    <testcase classname="US1006 Dogru kullanici adi ve password ile pozitif login testi" name="TC12 Kullanici mycoursedemy sitesine giris yapabilmeli" time="7.531">
        <system-out><![CDATA[Given Kullanici "myUrl" anasayfaya gider....................................passed
Then myCourse anasayfa login linkine tiklar.................................passed
And myCourse kullanici adi olarak "myGecerliEmail" girer....................passed
And myCourse password olarak "myGecerliPassword" girer......................passed
And myCourse login butonuna basar...........................................passed
Then myCourse giris yapabildigini test eder.................................passed
And Sayfayi kapatir.........................................................passed
]]></system-out>
    </testcase>
</testsuite>
